[debug] [2022-08-21T21:08:29.635Z] ----------------------------------------------------------------------
[debug] [2022-08-21T21:08:29.640Z] Command:       C:\Program Files\nodejs\node.exe C:\Users\diego\AppData\Roaming\npm\node_modules\firebase-tools\lib\bin\firebase.js init
[debug] [2022-08-21T21:08:29.641Z] CLI Version:   11.7.0
[debug] [2022-08-21T21:08:29.642Z] Platform:      win32
[debug] [2022-08-21T21:08:29.642Z] Node Version:  v18.7.0
[debug] [2022-08-21T21:08:29.644Z] Time:          Sun Aug 21 2022 23:08:29 GMT+0200 (hora de verano de Europa central)
[debug] [2022-08-21T21:08:29.644Z] ----------------------------------------------------------------------
[debug] 
[debug] [2022-08-21T21:08:29.659Z] > command requires scopes: ["email","openid","https://www.googleapis.com/auth/cloudplatformprojects.readonly","https://www.googleapis.com/auth/firebase","https://www.googleapis.com/auth/cloud-platform"]
[debug] [2022-08-21T21:08:29.660Z] > authorizing via signed-in user (cincelaquiles@gmail.com)
[info] 
     ######## #### ########  ######## ########     ###     ######  ########
     ##        ##  ##     ## ##       ##     ##  ##   ##  ##       ##
     ######    ##  ########  ######   ########  #########  ######  ######
     ##        ##  ##    ##  ##       ##     ## ##     ##       ## ##
     ##       #### ##     ## ######## ########  ##     ##  ######  ########

You're about to initialize a Firebase project in this directory:

  D:\Users\diego\Downloads\TikTok\tiktok

[info] 
=== Project Setup
[info] 
[info] First, let's associate this project directory with a Firebase project.
[info] You can create multiple project aliases by running firebase use --add, 
[info] but for now we'll just set up a default project.
[info] 
[debug] [2022-08-21T21:09:04.030Z] > refreshing access token with scopes: []
[debug] [2022-08-21T21:09:04.034Z] >>> [apiv2][query] POST https://www.googleapis.com/oauth2/v3/token [none]
[debug] [2022-08-21T21:09:04.035Z] >>> [apiv2][body] POST https://www.googleapis.com/oauth2/v3/token [omitted]
[debug] [2022-08-21T21:09:04.661Z] <<< [apiv2][status] POST https://www.googleapis.com/oauth2/v3/token 200
[debug] [2022-08-21T21:09:04.662Z] <<< [apiv2][body] POST https://www.googleapis.com/oauth2/v3/token [omitted]
[debug] [2022-08-21T21:09:04.677Z] >>> [apiv2][query] GET https://firebase.googleapis.com/v1beta1/projects pageSize=100
[debug] [2022-08-21T21:09:05.379Z] <<< [apiv2][status] GET https://firebase.googleapis.com/v1beta1/projects 200
[debug] [2022-08-21T21:09:05.379Z] <<< [apiv2][body] GET https://firebase.googleapis.com/v1beta1/projects [omitted]
[info] i  Using project tiktok-clone-a9fe3 (tiktok-clone) 
[info] 
=== Hosting Setup
[info] 
[info] Your public directory is the folder (relative to your project directory) that
[info] will contain Hosting assets to be uploaded with firebase deploy. If you
[info] have a build process for your assets, use your build's output directory.
[info] 
[debug] [2022-08-21T21:10:11.448Z] >>> [apiv2][query] GET https://www.gstatic.com/firebasejs/releases.json [none]
[debug] [2022-08-21T21:10:11.643Z] <<< [apiv2][status] GET https://www.gstatic.com/firebasejs/releases.json 200
[debug] [2022-08-21T21:10:11.644Z] <<< [apiv2][body] GET https://www.gstatic.com/firebasejs/releases.json {"current":{"version":"9.9.3","browserURL":"https://www.gstatic.com/firebasejs/9.9.3/firebase.js","packageURL":"https://www.gstatic.com/firebasejs/9.9.3/firebase.tgz"},"live":{"version":"9.9","browserURL":"https://www.gstatic.com/firebasejs/live/9.9/firebase.js","packageURL":"https://www.gstatic.com/firebasejs/live/9.9/firebase.tgz"},"components":{"analytics":"https://www.gstatic.com/firebasejs/9.9.3/firebase-analytics.js","app":"https://www.gstatic.com/firebasejs/9.9.3/firebase-app.js","app-check":"https://www.gstatic.com/firebasejs/9.9.3/firebase-app-check.js","auth":"https://www.gstatic.com/firebasejs/9.9.3/firebase-auth.js","auth/cordova":"https://www.gstatic.com/firebasejs/9.9.3/firebase-auth/cordova.js","auth/react-native":"https://www.gstatic.com/firebasejs/9.9.3/firebase-auth/react-native.js","functions":"https://www.gstatic.com/firebasejs/9.9.3/firebase-functions.js","firestore":"https://www.gstatic.com/firebasejs/9.9.3/firebase-firestore.js","firestore/lite":"https://www.gstatic.com/firebasejs/9.9.3/firebase-firestore/lite.js","installations":"https://www.gstatic.com/firebasejs/9.9.3/firebase-installations.js","storage":"https://www.gstatic.com/firebasejs/9.9.3/firebase-storage.js","performance":"https://www.gstatic.com/firebasejs/9.9.3/firebase-performance.js","remote-config":"https://www.gstatic.com/firebasejs/9.9.3/firebase-remote-config.js","messaging":"https://www.gstatic.com/firebasejs/9.9.3/firebase-messaging.js","messaging/sw":"https://www.gstatic.com/firebasejs/9.9.3/firebase-messaging/sw.js","database":"https://www.gstatic.com/firebasejs/9.9.3/firebase-database.js","firestore.memory":"https://www.gstatic.com/firebasejs/9.9.3/firebase-firestore.memory.js"}}
[info] +  Wrote build/index.html 
[info] 
[info] i  Detected a .git folder at D:\Users\diego\Downloads\TikTok\tiktok 
[info] i  Authorizing with GitHub to upload your service account to a GitHub repository's secrets store. 
[info] 
[info] Visit this URL on this device to log in:
[info] https://github.com/login/oauth/authorize?client_id=89cf50f02ac6aaed3484&state=604699329&redirect_uri=http%3A%2F%2Flocalhost%3A9005&scope=read%3Auser%20repo%20public_repo
[info] 
[info] Waiting for authentication...
[debug] [2022-08-21T21:10:12.950Z] >>> [apiv2][query] POST https://github.com/login/oauth/access_token [none]
[debug] [2022-08-21T21:10:12.951Z] >>> [apiv2][body] POST https://github.com/login/oauth/access_token [stream]
[debug] [2022-08-21T21:10:13.601Z] <<< [apiv2][status] POST https://github.com/login/oauth/access_token 200
[debug] [2022-08-21T21:10:13.601Z] <<< [apiv2][body] POST https://github.com/login/oauth/access_token {"access_token":"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","token_type":"bearer","scope":"read:user,repo"}
[debug] [2022-08-21T21:10:13.620Z] >>> [apiv2][query] GET https://api.github.com/user [none]
[debug] [2022-08-21T21:10:14.126Z] <<< [apiv2][status] GET https://api.github.com/user 200
[debug] [2022-08-21T21:10:14.127Z] <<< [apiv2][body] GET https://api.github.com/user {"login":"diegovc2","id":22553603,"node_id":"MDQ6VXNlcjIyNTUzNjAz","avatar_url":"https://avatars.githubusercontent.com/u/22553603?v=4","gravatar_id":"","url":"https://api.github.com/users/diegovc2","html_url":"https://github.com/diegovc2","followers_url":"https://api.github.com/users/diegovc2/followers","following_url":"https://api.github.com/users/diegovc2/following{/other_user}","gists_url":"https://api.github.com/users/diegovc2/gists{/gist_id}","starred_url":"https://api.github.com/users/diegovc2/starred{/owner}{/repo}","subscriptions_url":"https://api.github.com/users/diegovc2/subscriptions","organizations_url":"https://api.github.com/users/diegovc2/orgs","repos_url":"https://api.github.com/users/diegovc2/repos","events_url":"https://api.github.com/users/diegovc2/events{/privacy}","received_events_url":"https://api.github.com/users/diegovc2/received_events","type":"User","site_admin":false,"name":null,"company":null,"blog":"","location":null,"email":null,"hireable":null,"bio":null,"twitter_username":null,"public_repos":24,"public_gists":0,"followers":2,"following":1,"created_at":"2016-10-01T00:47:28Z","updated_at":"2022-08-12T19:34:05Z","private_gists":0,"total_private_repos":2,"owned_private_repos":1,"disk_usage":51450,"collaborators":0,"two_factor_authentication":false,"plan":{"name":"free","space":976562499,"collaborators":0,"private_repos":10000}}
[info] 
[info] +  Success! Logged into GitHub as diegovc2 
[info] 
